[{"stream_name":"stdout","time":17.881026686,"data":"There are 8675 rows and 2 columns\n"}
,{"stream_name":"stdout","time":18.461460782,"data":"\u003cclass 'pandas.core.frame.DataFrame'\u003e\n"}
,{"stream_name":"stdout","time":18.461646208,"data":"RangeIndex: 8675 entries, 0 to 8674\n"}
,{"stream_name":"stdout","time":18.461665622,"data":"Data columns (total 2 columns):\n"}
,{"stream_name":"stdout","time":18.461706857,"data":" #   Column  Non-Null Count  Dtype \n"}
,{"stream_name":"stdout","time":18.461723491,"data":"---  ------  --------------  ----- \n"}
,{"stream_name":"stdout","time":18.461727725,"data":" 0   type    8675 non-null   object\n"}
,{"stream_name":"stdout","time":18.461731671,"data":" 1   posts   8675 non-null   object\n"}
,{"stream_name":"stdout","time":18.461735548,"data":"dtypes: object(2)\n"}
,{"stream_name":"stdout","time":18.461739139,"data":"memory usage: 135.7+ KB\n"}
,{"stream_name":"stdout","time":78.294672912,"data":"Number of users 8675\n"}
,{"stream_name":"stdout","time":78.294732176,"data":"Number of posts 422845\n"}
,{"stream_name":"stdout","time":78.294739021,"data":"5 posts from start are:\n"}
,{"stream_name":"stdout","time":135.190264223,"data":"Before : Number of posts 8675\n"}
,{"stream_name":"stdout","time":137.210860141,"data":"After : Number of posts 8466\n"}
,{"stream_name":"stdout","time":140.346575628,"data":"['i', 'me', 'my', 'myself', 'we', 'our', 'ours', 'ourselves', 'you', \"you're\", \"you've\", \"you'll\", \"you'd\", 'your', 'yours', 'yourself', 'yourselves', 'he', 'him', 'his', 'himself', 'she', \"she's\", 'her', 'hers', 'herself', 'it', \"it's\", 'its', 'itself', 'they', 'them', 'their', 'theirs', 'themselves', 'what', 'which', 'who', 'whom', 'this', 'that', \"that'll\", 'these', 'those', 'am', 'is', 'are', 'was', 'were', 'be', 'been', 'being', 'have', 'has', 'had', 'having', 'do', 'does', 'did', 'doing', 'a', 'an', 'the', 'and', 'but', 'if', 'or', 'because', 'as', 'until', 'while', 'of', 'at', 'by', 'for', 'with', 'about', 'against', 'between', 'into', 'through', 'during', 'before', 'after', 'above', 'below', 'to', 'from', 'up', 'down', 'in', 'out', 'on', 'off', 'over', 'under', 'again', 'further', 'then', 'once', 'here', 'there', 'when', 'where', 'why', 'how', 'all', 'any', 'both', 'each', 'few', 'more', 'most', 'other', 'some', 'such', 'no', 'nor', 'not', 'only', 'own', 'same', 'so', 'than', 'too', 'very', 's', 't', 'can', 'will', 'just', 'don', \"don't\", 'should', \"should've\", 'now', 'd', 'll', 'm', 'o', 're', 've', 'y', 'ain', 'aren', \"aren't\", 'couldn', \"couldn't\", 'didn', \"didn't\", 'doesn', \"doesn't\", 'hadn', \"hadn't\", 'hasn', \"hasn't\", 'haven', \"haven't\", 'isn', \"isn't\", 'ma', 'mightn', \"mightn't\", 'mustn', \"mustn't\", 'needn', \"needn't\", 'shan', \"shan't\", 'shouldn', \"shouldn't\", 'wasn', \"wasn't\", 'weren', \"weren't\", 'won', \"won't\", 'wouldn', \"wouldn't\"]\n"}
,{"stream_name":"stdout","time":150.004057043,"data":"(5079, 98555) (5079,) (3387, 98555) (3387,)\n"}
,{"stream_name":"stdout","time":179.118851359,"data":"Accuracy: 39.53%\n"}
,{"stream_name":"stdout","time":181.624793549,"data":"[14:20:54] WARNING: ../src/learner.cc:1061: Starting in XGBoost 1.3.0, the default evaluation metric used with the objective 'multi:softprob' was changed from 'merror' to 'mlogloss'. Explicitly set eval_metric if you'd like to restore the old behavior.\n"}
,{"stream_name":"stdout","time":289.628514775,"data":"Accuracy: 57.87%\n"}
,{"stream_name":"stdout","time":290.95497948,"data":"Accuracy: 41.10%\n"}
,{"stream_name":"stdout","time":342.701817598,"data":"Accuracy: 58.19%\n"}
,{"stream_name":"stdout","time":346.477415661,"data":"Accuracy: 16.45%\n"}
,{"stream_name":"stdout","time":410.120891966,"data":"Maximum KNN Score is 25.24%\n"}
,{"stream_name":"stdout","time":584.983783799,"data":"Accuracy: 35.52%\n"}
,{"stream_name":"stdout","time":587.481991497,"data":"(5672, 98555) (5672,) (2794, 98555) (2794,)\n"}
,{"stream_name":"stdout","time":623.106676367,"data":"Accuracy: 37.87%\n"}
,{"stream_name":"stdout","time":625.741280887,"data":"[14:28:18] WARNING: ../src/learner.cc:1061: Starting in XGBoost 1.3.0, the default evaluation metric used with the objective 'multi:softprob' was changed from 'merror' to 'mlogloss'. Explicitly set eval_metric if you'd like to restore the old behavior.\n"}
,{"stream_name":"stdout","time":743.59058747,"data":"Accuracy: 57.12%\n"}
,{"stream_name":"stdout","time":745.057725909,"data":"Accuracy: 45.13%\n"}
,{"stream_name":"stdout","time":800.373913764,"data":"Accuracy: 57.12%\n"}
,{"stream_name":"stdout","time":803.928535054,"data":"Accuracy: 16.96%\n"}
,{"stream_name":"stdout","time":863.270163946,"data":"Maximum KNN Score is 26.59%\n"}
,{"stream_name":"stdout","time":1062.391598582,"data":"Accuracy: 35.76%\n"}
,{"stream_name":"stdout","time":1071.436690491,"data":"Introversion (I) /  Extroversion (E):\t 1999  /  6676\n"}
,{"stream_name":"stdout","time":1071.436728842,"data":"Intuition (N) / Sensing (S):\t\t 1197  /  7478\n"}
,{"stream_name":"stdout","time":1071.436735911,"data":"Thinking (T) / Feeling (F):\t\t 4694  /  3981\n"}
,{"stream_name":"stdout","time":1071.436740699,"data":"Judging (J) / Perceiving (P):\t\t 5241  /  3434\n"}
,{"stream_name":"stdout","time":1077.38962996,"data":"Binarize MBTI list: \n"}
,{"stream_name":"stdout","time":1077.389697023,"data":"[[0 0 0 0]\n"}
,{"stream_name":"stdout","time":1077.389706934,"data":" [1 0 1 1]\n"}
,{"stream_name":"stdout","time":1077.389713576,"data":" [0 0 1 1]\n"}
,{"stream_name":"stdout","time":1077.389721349,"data":" ...\n"}
,{"stream_name":"stdout","time":1077.389727991,"data":" [0 0 1 1]\n"}
,{"stream_name":"stdout","time":1077.389734269,"data":" [0 0 0 1]\n"}
,{"stream_name":"stdout","time":1077.389739957,"data":" [0 0 0 1]]\n"}
,{"stream_name":"stdout","time":1136.696590931,"data":"Example :\n"}
,{"stream_name":"stdout","time":1136.696634883,"data":"\n"}
,{"stream_name":"stdout","time":1136.696642794,"data":"Post before preprocessing:\n"}
,{"stream_name":"stdout","time":1136.696649087,"data":"\n"}
,{"stream_name":"stdout","time":1136.696658572,"data":" 'http://www.youtube.com/watch?v=qsXHcwe3krw|||http://41.media.tumblr.com/tumblr_lfouy03PMA1qa1rooo1_500.jpg|||enfp and intj moments  https://www.youtube.com/watch?v=iz7lE1g4XM4  sportscenter not top ten plays  https://www.youtube.com/watch?v=uCdfze1etec  pranks|||What has been the most life-changing experience in your life?|||http://www.youtube.com/watch?v=vXZeYwwRDw8   http://www.youtube.com/watch?v=u8ejam5DP3E  On repeat for most of today.|||May the PerC Experience immerse you.|||The last thing my INFJ friend posted on his facebook before committing suicide the next day. Rest in peace~   http://vimeo.com/22842206|||Hello ENFJ7. Sorry to hear of your distress. It's only natural for a relationship to not be perfection all the time in every moment of existence. Try to figure the hard times as times of growth, as...|||84389  84390  http://wallpaperpassion.com/upload/23700/friendship-boy-and-girl-wallpaper.jpg  http://assets.dornob.com/wp-content/uploads/2010/04/round-home-design.jpg ...|||Welcome and stuff.|||http://playeressence.com/wp-content/uploads/2013/08/RED-red-the-pokemon-master-32560474-450-338.jpg  Game. Set. Match.|||Prozac, wellbrutin, at least thirty minutes of moving your legs (and I don't mean moving them while sitting in your same desk chair), weed in moderation (maybe try edibles as a healthier alternative...|||Basically come up with three items you've determined that each type (or whichever types you want to do) would more than likely use, given each types' cognitive functions and whatnot, when left by...|||All things in moderation.  Sims is indeed a video game, and a good one at that. Note: a good one at that is somewhat subjective in that I am not completely promoting the death of any given Sim...|||Dear ENFP:  What were your favorite video games growing up and what are your now, current favorite video games? :cool:|||https://www.youtube.com/watch?v=QyPqT8umzmY|||It appears to be too late. :sad:|||There's someone out there for everyone.|||Wait... I thought confidence was a good thing.|||I just cherish the time of solitude b/c i revel within my inner world more whereas most other time i'd be workin... just enjoy the me time while you can. Don't worry, people will always be around to...|||Yo entp ladies... if you're into a complimentary personality,well, hey.|||... when your main social outlet is xbox live conversations and even then you verbally fatigue quickly.|||http://www.youtube.com/watch?v=gDhy7rdfm14  I really dig the part from 1:46 to 2:50|||http://www.youtube.com/watch?v=msqXffgh7b8|||Banned because this thread requires it of me.|||Get high in backyard, roast and eat marshmellows in backyard while conversing over something intellectual, followed by massages and kisses.|||http://www.youtube.com/watch?v=Mw7eoU3BMbE|||http://www.youtube.com/watch?v=4V2uYORhQOk|||http://www.youtube.com/watch?v=SlVmgFQQ0TI|||Banned for too many b's in that sentence. How could you! Think of the B!|||Banned for watching movies in the corner with the dunces.|||Banned because Health class clearly taught you nothing about peer pressure.|||Banned for a whole host of reasons!|||http://www.youtube.com/watch?v=IRcrv41hgz4|||1) Two baby deer on left and right munching on a beetle in the middle.  2) Using their own blood, two cavemen diary today's latest happenings on their designated cave diary wall.  3) I see it as...|||a pokemon world  an infj society  everyone becomes an optimist|||49142|||http://www.youtube.com/watch?v=ZRCEq_JFeFM|||http://discovermagazine.com/2012/jul-aug/20-things-you-didnt-know-about-deserts/desert.jpg|||http://oyster.ignimgs.com/mediawiki/apis.ign.com/pokemon-silver-version/d/dd/Ditto.gif|||http://www.serebii.net/potw-dp/Scizor.jpg|||Not all artists are artists because they draw. It's the idea that counts in forming something of your own... like a signature.|||Welcome to the robot ranks, person who downed my self-esteem cuz I'm not an avid signature artist like herself. :proud:|||Banned for taking all the room under my bed. Ya gotta learn to share with the roaches.|||http://www.youtube.com/watch?v=w8IgImn57aQ|||Banned for being too much of a thundering, grumbling kind of storm... yep.|||Ahh... old high school music I haven't heard in ages.   http://www.youtube.com/watch?v=dcCRUPCdB1w|||I failed a public speaking class a few years ago and I've sort of learned what I could do better were I to be in that position again. A big part of my failure was just overloading myself with too...|||I like this person's mentality. He's a confirmed INTJ by the way. http://www.youtube.com/watch?v=hGKLI-GEc6M|||Move to the Denver area and start a new life for myself.'\n"}
,{"stream_name":"stdout","time":1136.696708427,"data":"\n"}
,{"stream_name":"stdout","time":1136.69671524,"data":"Post after preprocessing:\n"}
,{"stream_name":"stdout","time":1136.696720479,"data":"\n"}
,{"stream_name":"stdout","time":1136.696726995,"data":"    moment sportscenter top ten play prank life changing experience life repeat today may perc experience immerse last thing  friend posted facebook committing suicide next day rest peace hello  sorry hear distress natural relationship perfection time every moment existence try figure hard time time growth welcome stuff game set match prozac wellbrutin least thirty minute moving leg mean moving sitting desk chair weed moderation maybe try edible healthier alternative basically come three item determined type whichever type want would likely use given type cognitive function whatnot left thing moderation sims indeed video game good one note good one somewhat subjective completely promoting death given sim dear  favorite video game growing current favorite video game cool appears late sad someone everyone wait thought confidence good thing cherish time solitude b c revel within inner world whereas time workin enjoy time worry people always around yo  lady complimentary personality well hey main social outlet xbox live conversation even verbally fatigue quickly really dig part banned thread requires get high backyard roast eat marshmellows backyard conversing something intellectual followed massage kiss banned many b sentence could think b banned watching movie corner dunce banned health class clearly taught nothing peer pressure banned whole host reason two baby deer left right munching beetle middle using blood two caveman diary today latest happening designated cave diary wall see pokemon world  society everyone becomes optimist artist artist draw idea count forming something like signature welcome robot rank person downed self esteem cuz avid signature artist like proud banned taking room bed ya gotta learn share roach banned much thundering grumbling kind storm yep ahh old high school music heard age failed public speaking class year ago sort learned could better position big part failure overloading like person mentality confirmed  way move denver area start new life \n"}
,{"stream_name":"stdout","time":1136.696746377,"data":"\n"}
,{"stream_name":"stdout","time":1136.696751232,"data":"MBTI before preprocessing:\n"}
,{"stream_name":"stdout","time":1136.696755864,"data":"\n"}
,{"stream_name":"stdout","time":1136.696760887,"data":" INFJ\n"}
,{"stream_name":"stdout","time":1136.696765843,"data":"\n"}
,{"stream_name":"stdout","time":1136.696771164,"data":"MBTI after preprocessing:\n"}
,{"stream_name":"stdout","time":1136.696776242,"data":"\n"}
,{"stream_name":"stdout","time":1136.696780979,"data":" [0 0 0 0]\n"}
,{"stream_name":"stdout","time":1137.086577303,"data":"No. of posts = 8675  and No. of Personalities = 4 \n"}
,{"stream_name":"stdout","time":1138.496037511,"data":"Using CountVectorizer :\n"}
,{"stream_name":"stdout","time":1143.184988474,"data":"10 feature names can be seen below\n"}
,{"stream_name":"stdout","time":1143.185037857,"data":"[(0, 'ability'), (1, 'able'), (2, 'absolutely'), (3, 'across'), (4, 'act'), (5, 'action'), (6, 'actually'), (7, 'add'), (8, 'advice'), (9, 'afraid')]\n"}
,{"stream_name":"stdout","time":1143.185046689,"data":"\n"}
,{"stream_name":"stdout","time":1143.185057694,"data":"Using Tf-idf :\n"}
,{"stream_name":"stdout","time":1143.185063849,"data":"Now the dataset size is as below\n"}
,{"stream_name":"stdout","time":1143.185069548,"data":"(8675, 595)\n"}
,{"stream_name":"stdout","time":1145.599834484,"data":"IE: Introversion (I) / Extroversion (E)\n"}
,{"stream_name":"stdout","time":1145.599873582,"data":"NS: Intuition (N) / Sensing (S)\n"}
,{"stream_name":"stdout","time":1145.599882173,"data":"FT: Feeling (F) / Thinking (T)\n"}
,{"stream_name":"stdout","time":1145.599887965,"data":"JP: Judging (J) / Perceiving (P)\n"}
,{"stream_name":"stdout","time":1146.443546341,"data":"X: 1st posts in tf-idf representation\n"}
,{"stream_name":"stdout","time":1146.443724147,"data":"[0.         0.         0.         0.         0.         0.\n"}
,{"stream_name":"stdout","time":1146.443730231,"data":" 0.         0.         0.         0.         0.08105478 0.07066064\n"}
,{"stream_name":"stdout","time":1146.443734558,"data":" 0.         0.         0.         0.         0.         0.\n"}
,{"stream_name":"stdout","time":1146.443738522,"data":" 0.         0.04516864 0.         0.         0.         0.\n"}
,{"stream_name":"stdout","time":1146.443742334,"data":" 0.         0.         0.         0.         0.         0.\n"}
,{"stream_name":"stdout","time":1146.443764863,"data":" 0.         0.05321691 0.         0.         0.         0.\n"}
,{"stream_name":"stdout","time":1146.443768646,"data":" 0.         0.         0.         0.         0.         0.\n"}
,{"stream_name":"stdout","time":1146.443772305,"data":" 0.         0.         0.0871647  0.         0.         0.\n"}
,{"stream_name":"stdout","time":1146.443775969,"data":" 0.         0.         0.         0.05506308 0.0708757  0.\n"}
,{"stream_name":"stdout","time":1146.443779428,"data":" 0.         0.         0.         0.         0.         0.\n"}
,{"stream_name":"stdout","time":1146.443782872,"data":" 0.         0.         0.         0.         0.         0.\n"}
,{"stream_name":"stdout","time":1146.443786748,"data":" 0.         0.         0.         0.         0.         0.\n"}
,{"stream_name":"stdout","time":1146.443790357,"data":" 0.         0.         0.         0.         0.         0.\n"}
,{"stream_name":"stdout","time":1146.443793872,"data":" 0.         0.16585935 0.         0.         0.09676192 0.\n"}
,{"stream_name":"stdout","time":1146.443797431,"data":" 0.         0.04970682 0.         0.         0.         0.\n"}
,{"stream_name":"stdout","time":1146.443800939,"data":" 0.07397056 0.         0.         0.         0.         0.\n"}
,{"stream_name":"stdout","time":1146.443804467,"data":" 0.         0.0748045  0.07639898 0.09185775 0.         0.\n"}
,{"stream_name":"stdout","time":1146.443807919,"data":" 0.         0.         0.         0.         0.         0.\n"}
,{"stream_name":"stdout","time":1146.443811414,"data":" 0.         0.         0.         0.05133662 0.         0.09442732\n"}
,{"stream_name":"stdout","time":1146.443815173,"data":" 0.         0.         0.         0.         0.         0.\n"}
,{"stream_name":"stdout","time":1146.443823792,"data":" 0.         0.         0.         0.         0.         0.\n"}
,{"stream_name":"stdout","time":1146.443829387,"data":" 0.         0.         0.         0.         0.         0.\n"}
,{"stream_name":"stdout","time":1146.443833104,"data":" 0.         0.09657087 0.         0.         0.         0.\n"}
,{"stream_name":"stdout","time":1146.443836543,"data":" 0.         0.         0.         0.07062049 0.         0.\n"}
,{"stream_name":"stdout","time":1146.443840017,"data":" 0.         0.         0.04405493 0.         0.05892624 0.11838033\n"}
,{"stream_name":"stdout","time":1146.4438435,"data":" 0.         0.         0.         0.         0.1245151  0.\n"}
,{"stream_name":"stdout","time":1146.44384696,"data":" 0.         0.         0.         0.         0.         0.\n"}
,{"stream_name":"stdout","time":1146.443851629,"data":" 0.         0.15886654 0.         0.         0.         0.\n"}
,{"stream_name":"stdout","time":1146.443855483,"data":" 0.         0.         0.         0.08435344 0.         0.\n"}
,{"stream_name":"stdout","time":1146.443859023,"data":" 0.         0.         0.         0.         0.         0.\n"}
,{"stream_name":"stdout","time":1146.443862473,"data":" 0.         0.         0.         0.         0.         0.04471932\n"}
,{"stream_name":"stdout","time":1146.443865937,"data":" 0.         0.         0.         0.07063387 0.         0.\n"}
,{"stream_name":"stdout","time":1146.443869946,"data":" 0.29304485 0.         0.         0.         0.         0.\n"}
,{"stream_name":"stdout","time":1146.44387649,"data":" 0.         0.18141448 0.         0.         0.         0.\n"}
,{"stream_name":"stdout","time":1146.44388024,"data":" 0.         0.12564763 0.         0.         0.         0.\n"}
,{"stream_name":"stdout","time":1146.443883683,"data":" 0.         0.         0.         0.         0.         0.\n"}
,{"stream_name":"stdout","time":1146.443887309,"data":" 0.         0.         0.05834299 0.         0.         0.08003112\n"}
,{"stream_name":"stdout","time":1146.443897248,"data":" 0.08435344 0.         0.         0.09115444 0.         0.08189961\n"}
,{"stream_name":"stdout","time":1146.443902637,"data":" 0.         0.13411106 0.         0.         0.         0.\n"}
,{"stream_name":"stdout","time":1146.443912009,"data":" 0.         0.         0.         0.         0.         0.\n"}
,{"stream_name":"stdout","time":1146.443916061,"data":" 0.         0.         0.         0.05631577 0.         0.\n"}
,{"stream_name":"stdout","time":1146.443919743,"data":" 0.         0.         0.         0.         0.         0.\n"}
,{"stream_name":"stdout","time":1146.443923212,"data":" 0.         0.         0.         0.         0.         0.\n"}
,{"stream_name":"stdout","time":1146.44392684,"data":" 0.         0.         0.         0.05557735 0.         0.\n"}
,{"stream_name":"stdout","time":1146.44393061,"data":" 0.         0.         0.         0.         0.0611348  0.09448648\n"}
,{"stream_name":"stdout","time":1146.443934122,"data":" 0.         0.         0.         0.         0.         0.\n"}
,{"stream_name":"stdout","time":1146.443937604,"data":" 0.07930797 0.09349615 0.         0.06379457 0.         0.17160741\n"}
,{"stream_name":"stdout","time":1146.443941083,"data":" 0.         0.         0.         0.13427658 0.         0.\n"}
,{"stream_name":"stdout","time":1146.443944683,"data":" 0.08006774 0.         0.         0.         0.         0.\n"}
,{"stream_name":"stdout","time":1146.443948156,"data":" 0.         0.06885442 0.         0.         0.         0.\n"}
,{"stream_name":"stdout","time":1146.443951621,"data":" 0.         0.         0.         0.         0.         0.\n"}
,{"stream_name":"stdout","time":1146.443955046,"data":" 0.         0.         0.         0.09793451 0.         0.\n"}
,{"stream_name":"stdout","time":1146.443958521,"data":" 0.         0.         0.05268964 0.         0.05993985 0.05477763\n"}
,{"stream_name":"stdout","time":1146.443962043,"data":" 0.         0.04997463 0.         0.         0.         0.\n"}
,{"stream_name":"stdout","time":1146.443965481,"data":" 0.         0.         0.09867431 0.         0.         0.\n"}
,{"stream_name":"stdout","time":1146.44396893,"data":" 0.09487394 0.         0.15341726 0.         0.         0.\n"}
,{"stream_name":"stdout","time":1146.443972375,"data":" 0.         0.         0.08813151 0.07690585 0.07177948 0.\n"}
,{"stream_name":"stdout","time":1146.443975825,"data":" 0.         0.09843694 0.         0.         0.         0.\n"}
,{"stream_name":"stdout","time":1146.443979265,"data":" 0.         0.05941035 0.08188014 0.         0.         0.\n"}
,{"stream_name":"stdout","time":1146.443982722,"data":" 0.         0.         0.09612974 0.06395483 0.         0.\n"}
,{"stream_name":"stdout","time":1146.443987897,"data":" 0.         0.         0.         0.         0.         0.\n"}
,{"stream_name":"stdout","time":1146.443992293,"data":" 0.06973746 0.         0.         0.         0.         0.\n"}
,{"stream_name":"stdout","time":1146.443995784,"data":" 0.         0.         0.         0.         0.         0.12067215\n"}
,{"stream_name":"stdout","time":1146.443999297,"data":" 0.         0.         0.         0.         0.         0.09674118\n"}
,{"stream_name":"stdout","time":1146.444002772,"data":" 0.         0.0615769  0.         0.         0.         0.\n"}
,{"stream_name":"stdout","time":1146.44400623,"data":" 0.         0.         0.         0.07446814 0.         0.\n"}
,{"stream_name":"stdout","time":1146.4440097,"data":" 0.         0.         0.         0.08993396 0.         0.\n"}
,{"stream_name":"stdout","time":1146.444013884,"data":" 0.         0.         0.         0.         0.09901671 0.\n"}
,{"stream_name":"stdout","time":1146.44402222,"data":" 0.         0.         0.         0.         0.         0.\n"}
,{"stream_name":"stdout","time":1146.444025705,"data":" 0.         0.         0.         0.         0.         0.\n"}
,{"stream_name":"stdout","time":1146.444029179,"data":" 0.05946565 0.         0.         0.         0.05873657 0.\n"}
,{"stream_name":"stdout","time":1146.444032664,"data":" 0.         0.         0.         0.09634949 0.         0.04805982\n"}
,{"stream_name":"stdout","time":1146.444036326,"data":" 0.         0.08968056 0.         0.         0.0860263  0.\n"}
,{"stream_name":"stdout","time":1146.444039815,"data":" 0.         0.         0.         0.06318282 0.         0.\n"}
,{"stream_name":"stdout","time":1146.44404327,"data":" 0.         0.04256832 0.         0.         0.         0.\n"}
,{"stream_name":"stdout","time":1146.444046749,"data":" 0.06642087 0.         0.         0.         0.09201473 0.\n"}
,{"stream_name":"stdout","time":1146.444050931,"data":" 0.         0.0831116  0.         0.         0.         0.\n"}
,{"stream_name":"stdout","time":1146.444054347,"data":" 0.         0.         0.         0.         0.         0.\n"}
,{"stream_name":"stdout","time":1146.444057905,"data":" 0.         0.         0.         0.         0.         0.06971149\n"}
,{"stream_name":"stdout","time":1146.444061397,"data":" 0.09554125 0.04625983 0.08531558 0.         0.         0.\n"}
,{"stream_name":"stdout","time":1146.444065238,"data":" 0.06799661 0.07466644 0.         0.         0.         0.09843694\n"}
,{"stream_name":"stdout","time":1146.444068731,"data":" 0.         0.         0.         0.06502346 0.         0.\n"}
,{"stream_name":"stdout","time":1146.444072295,"data":" 0.         0.         0.         0.         0.         0.\n"}
,{"stream_name":"stdout","time":1146.444075755,"data":" 0.         0.06869092 0.         0.         0.         0.\n"}
,{"stream_name":"stdout","time":1146.44407923,"data":" 0.         0.         0.         0.         0.         0.\n"}
,{"stream_name":"stdout","time":1146.444082665,"data":" 0.08067849 0.         0.         0.         0.         0.\n"}
,{"stream_name":"stdout","time":1146.444086083,"data":" 0.         0.         0.         0.         0.         0.\n"}
,{"stream_name":"stdout","time":1146.444089526,"data":" 0.         0.         0.0466968  0.0539756  0.08760887 0.\n"}
,{"stream_name":"stdout","time":1146.444092993,"data":" 0.1533845  0.         0.         0.         0.         0.09298479\n"}
,{"stream_name":"stdout","time":1146.444096577,"data":" 0.         0.         0.         0.         0.         0.\n"}
,{"stream_name":"stdout","time":1146.444101139,"data":" 0.         0.         0.         0.         0.10580777 0.\n"}
,{"stream_name":"stdout","time":1146.444104898,"data":" 0.         0.11100899 0.13361762 0.         0.         0.\n"}
,{"stream_name":"stdout","time":1146.444108349,"data":" 0.06046932 0.         0.08258902 0.         0.         0.2392193\n"}
,{"stream_name":"stdout","time":1146.444112975,"data":" 0.         0.09217882 0.         0.04223906 0.         0.\n"}
,{"stream_name":"stdout","time":1146.444118167,"data":" 0.08665848 0.04111178 0.         0.         0.16434695 0.04117693\n"}
,{"stream_name":"stdout","time":1146.444121907,"data":" 0.         0.         0.         0.07231244 0.         0.\n"}
,{"stream_name":"stdout","time":1146.444125349,"data":" 0.         0.         0.         0.         0.         0.\n"}
,{"stream_name":"stdout","time":1146.444128749,"data":" 0.11467609 0.09387096 0.         0.         0.         0.\n"}
,{"stream_name":"stdout","time":1146.444132195,"data":" 0.         0.         0.04833236 0.         0.         0.\n"}
,{"stream_name":"stdout","time":1146.444135667,"data":" 0.        ]\n"}
,{"stream_name":"stdout","time":1147.24539335,"data":"For MBTI personality type : INFJ\n"}
,{"stream_name":"stdout","time":1147.245440557,"data":"Y : Binarized MBTI 1st row: [0 0 0 0]\n"}
,{"stream_name":"stdout","time":1156.177216546,"data":"IE: Introversion (I) / Extroversion (E) Accuracy: 77.33%\n"}
,{"stream_name":"stdout","time":1166.276448255,"data":"NS: Intuition (N) / Sensing (S) Accuracy: 86.03%\n"}
,{"stream_name":"stdout","time":1171.688135688,"data":"FT: Feeling (F) / Thinking (T) Accuracy: 67.66%\n"}
,{"stream_name":"stdout","time":1177.464906607,"data":"JP: Judging (J) / Perceiving (P) Accuracy: 62.80%\n"}
,{"stream_name":"stdout","time":1178.282491869,"data":"[14:37:31] WARNING: ../src/learner.cc:1061: Starting in XGBoost 1.3.0, the default evaluation metric used with the objective 'binary:logistic' was changed from 'error' to 'logloss'. Explicitly set eval_metric if you'd like to restore the old behavior.\n"}
,{"stream_name":"stdout","time":1190.273687371,"data":"IE: Introversion (I) / Extroversion (E) Accuracy: 76.18%\n"}
,{"stream_name":"stdout","time":1190.504276341,"data":"[14:37:43] WARNING: ../src/learner.cc:1061: Starting in XGBoost 1.3.0, the default evaluation metric used with the objective 'binary:logistic' was changed from 'error' to 'logloss'. Explicitly set eval_metric if you'd like to restore the old behavior.\n"}
,{"stream_name":"stdout","time":1203.071714573,"data":"NS: Intuition (N) / Sensing (S) Accuracy: 85.37%\n"}
,{"stream_name":"stdout","time":1203.32128109,"data":"[14:37:56] WARNING: ../src/learner.cc:1061: Starting in XGBoost 1.3.0, the default evaluation metric used with the objective 'binary:logistic' was changed from 'error' to 'logloss'. Explicitly set eval_metric if you'd like to restore the old behavior.\n"}
,{"stream_name":"stdout","time":1215.817672196,"data":"FT: Feeling (F) / Thinking (T) Accuracy: 67.73%\n"}
,{"stream_name":"stdout","time":1215.818312854,"data":"[14:38:08] WARNING: ../src/learner.cc:1061: Starting in XGBoost 1.3.0, the default evaluation metric used with the objective 'binary:logistic' was changed from 'error' to 'logloss'. Explicitly set eval_metric if you'd like to restore the old behavior.\n"}
,{"stream_name":"stdout","time":1228.315490378,"data":"JP: Judging (J) / Perceiving (P) Accuracy: 62.84%\n"}
,{"stream_name":"stdout","time":1229.357539392,"data":"IE: Introversion (I) / Extroversion (E) Accuracy: 77.58%\n"}
,{"stream_name":"stdout","time":1229.714315265,"data":"NS: Intuition (N) / Sensing (S) Accuracy: 86.03%\n"}
,{"stream_name":"stdout","time":1230.251772738,"data":"FT: Feeling (F) / Thinking (T) Accuracy: 71.22%\n"}
,{"stream_name":"stdout","time":1230.59475981,"data":"JP: Judging (J) / Perceiving (P) Accuracy: 62.49%\n"}
,{"stream_name":"stdout","time":1231.554855559,"data":"IE: Introversion (I) / Extroversion (E) Accuracy: 77.54%\n"}
,{"stream_name":"stdout","time":1231.858254039,"data":"NS: Intuition (N) / Sensing (S) Accuracy: 86.06%\n"}
,{"stream_name":"stdout","time":1231.858302385,"data":"FT: Feeling (F) / Thinking (T) Accuracy: 72.44%\n"}
,{"stream_name":"stdout","time":1232.097523659,"data":"JP: Judging (J) / Perceiving (P) Accuracy: 64.51%\n"}
,{"stream_name":"stdout","time":1233.466772318,"data":"IE: Introversion (I) / Extroversion (E) Accuracy: 76.67%\n"}
,{"stream_name":"stdout","time":1234.172665246,"data":"NS: Intuition (N) / Sensing (S) Accuracy: 85.82%\n"}
,{"stream_name":"stdout","time":1234.855493469,"data":"FT: Feeling (F) / Thinking (T) Accuracy: 54.70%\n"}
,{"stream_name":"stdout","time":1235.343006851,"data":"JP: Judging (J) / Perceiving (P) Accuracy: 40.20%\n"}
,{"stream_name":"stdout","time":1260.756150562,"data":"IE: Introversion (I) / Extroversion (E) Accuracy: 77.96%\n"}
,{"stream_name":"stdout","time":1284.271161694,"data":"NS: Intuition (N) / Sensing (S) Accuracy: 86.03%\n"}
,{"stream_name":"stdout","time":1309.179955841,"data":"FT: Feeling (F) / Thinking (T) Accuracy: 72.62%\n"}
,{"stream_name":"stdout","time":1338.676123914,"data":"JP: Judging (J) / Perceiving (P) Accuracy: 65.87%\n"}
,{"stream_name":"stdout","time":1340.28934413,"data":"[14:40:13] WARNING: ../src/learner.cc:1061: Starting in XGBoost 1.3.0, the default evaluation metric used with the objective 'binary:logistic' was changed from 'error' to 'logloss'. Explicitly set eval_metric if you'd like to restore the old behavior.\n"}
,{"stream_name":"stdout","time":1349.85335683,"data":"IE: Introversion (I) / Extroversion (E) Accuracy: 77.37%\n"}
,{"stream_name":"stdout","time":1349.8534137,"data":"[14:40:22] WARNING: ../src/learner.cc:1061: Starting in XGBoost 1.3.0, the default evaluation metric used with the objective 'binary:logistic' was changed from 'error' to 'logloss'. Explicitly set eval_metric if you'd like to restore the old behavior.\n"}
,{"stream_name":"stdout","time":1359.792520564,"data":"NS: Intuition (N) / Sensing (S) Accuracy: 85.85%\n"}
,{"stream_name":"stdout","time":1359.792584595,"data":"[14:40:32] WARNING: ../src/learner.cc:1061: Starting in XGBoost 1.3.0, the default evaluation metric used with the objective 'binary:logistic' was changed from 'error' to 'logloss'. Explicitly set eval_metric if you'd like to restore the old behavior.\n"}
,{"stream_name":"stdout","time":1369.4646582,"data":"FT: Feeling (F) / Thinking (T) Accuracy: 70.28%\n"}
,{"stream_name":"stdout","time":1369.464844531,"data":"[14:40:42] WARNING: ../src/learner.cc:1061: Starting in XGBoost 1.3.0, the default evaluation metric used with the objective 'binary:logistic' was changed from 'error' to 'logloss'. Explicitly set eval_metric if you'd like to restore the old behavior.\n"}
,{"stream_name":"stdout","time":1379.034009409,"data":"JP: Judging (J) / Perceiving (P) Accuracy: 64.37%\n"}
,{"stream_name":"stdout","time":1380.90164536,"data":"IE: Introversion (I) / Extroversion (E) classifier trained\n"}
,{"stream_name":"stdout","time":1380.90194154,"data":"[14:40:53] WARNING: ../src/learner.cc:1061: Starting in XGBoost 1.3.0, the default evaluation metric used with the objective 'binary:logistic' was changed from 'error' to 'logloss'. Explicitly set eval_metric if you'd like to restore the old behavior.\n"}
,{"stream_name":"stdout","time":1390.883428433,"data":"NS: Intuition (N) / Sensing (S) classifier trained\n"}
,{"stream_name":"stdout","time":1390.883476328,"data":"[14:41:03] WARNING: ../src/learner.cc:1061: Starting in XGBoost 1.3.0, the default evaluation metric used with the objective 'binary:logistic' was changed from 'error' to 'logloss'. Explicitly set eval_metric if you'd like to restore the old behavior.\n"}
,{"stream_name":"stdout","time":1400.186432617,"data":"FT: Feeling (F) / Thinking (T) classifier trained\n"}
,{"stream_name":"stdout","time":1400.186507622,"data":"[14:41:13] WARNING: ../src/learner.cc:1061: Starting in XGBoost 1.3.0, the default evaluation metric used with the objective 'binary:logistic' was changed from 'error' to 'logloss'. Explicitly set eval_metric if you'd like to restore the old behavior.\n"}
,{"stream_name":"stdout","time":1409.402804864,"data":"JP: Judging (J) / Perceiving (P) classifier trained\n"}
,{"stream_name":"stdout","time":1409.40288344,"data":"[14:41:22] WARNING: ../src/learner.cc:1061: Starting in XGBoost 1.3.0, the default evaluation metric used with the objective 'binary:logistic' was changed from 'error' to 'logloss'. Explicitly set eval_metric if you'd like to restore the old behavior.\n"}
,{"stream_name":"stdout","time":1419.015329548,"data":"The result is:  INFJ\n"}
,{"stream_name":"stdout","time":1420.545321647,"data":"IE: Introversion (I) / Extroversion (E) classifier trained\n"}
,{"stream_name":"stdout","time":1420.545431314,"data":"[14:41:33] WARNING: ../src/learner.cc:1061: Starting in XGBoost 1.3.0, the default evaluation metric used with the objective 'binary:logistic' was changed from 'error' to 'logloss'. Explicitly set eval_metric if you'd like to restore the old behavior.\n"}
,{"stream_name":"stdout","time":1430.05263944,"data":"NS: Intuition (N) / Sensing (S) classifier trained\n"}
,{"stream_name":"stdout","time":1430.052711391,"data":"[14:41:42] WARNING: ../src/learner.cc:1061: Starting in XGBoost 1.3.0, the default evaluation metric used with the objective 'binary:logistic' was changed from 'error' to 'logloss'. Explicitly set eval_metric if you'd like to restore the old behavior.\n"}
,{"stream_name":"stdout","time":1439.18757485,"data":"FT: Feeling (F) / Thinking (T) classifier trained\n"}
,{"stream_name":"stdout","time":1439.187653435,"data":"[14:41:52] WARNING: ../src/learner.cc:1061: Starting in XGBoost 1.3.0, the default evaluation metric used with the objective 'binary:logistic' was changed from 'error' to 'logloss'. Explicitly set eval_metric if you'd like to restore the old behavior.\n"}
,{"stream_name":"stdout","time":1448.480348766,"data":"JP: Judging (J) / Perceiving (P) classifier trained\n"}
,{"stream_name":"stdout","time":1448.480409032,"data":"[14:42:01] WARNING: ../src/learner.cc:1061: Starting in XGBoost 1.3.0, the default evaluation metric used with the objective 'binary:logistic' was changed from 'error' to 'logloss'. Explicitly set eval_metric if you'd like to restore the old behavior.\n"}
,{"stream_name":"stdout","time":1458.4552973,"data":"The result is:  INTJ\n"}
,{"stream_name":"stdout","time":1459.932922069,"data":"IE: Introversion (I) / Extroversion (E) classifier trained\n"}
,{"stream_name":"stdout","time":1459.93296151,"data":"[14:42:12] WARNING: ../src/learner.cc:1061: Starting in XGBoost 1.3.0, the default evaluation metric used with the objective 'binary:logistic' was changed from 'error' to 'logloss'. Explicitly set eval_metric if you'd like to restore the old behavior.\n"}
,{"stream_name":"stdout","time":1469.09655084,"data":"NS: Intuition (N) / Sensing (S) classifier trained\n"}
,{"stream_name":"stdout","time":1469.096637818,"data":"[14:42:21] WARNING: ../src/learner.cc:1061: Starting in XGBoost 1.3.0, the default evaluation metric used with the objective 'binary:logistic' was changed from 'error' to 'logloss'. Explicitly set eval_metric if you'd like to restore the old behavior.\n"}
,{"stream_name":"stdout","time":1478.211042343,"data":"FT: Feeling (F) / Thinking (T) classifier trained\n"}
,{"stream_name":"stdout","time":1478.211085501,"data":"[14:42:31] WARNING: ../src/learner.cc:1061: Starting in XGBoost 1.3.0, the default evaluation metric used with the objective 'binary:logistic' was changed from 'error' to 'logloss'. Explicitly set eval_metric if you'd like to restore the old behavior.\n"}
,{"stream_name":"stdout","time":1487.787377886,"data":"JP: Judging (J) / Perceiving (P) classifier trained\n"}
,{"stream_name":"stdout","time":1487.787616053,"data":"[14:42:40] WARNING: ../src/learner.cc:1061: Starting in XGBoost 1.3.0, the default evaluation metric used with the objective 'binary:logistic' was changed from 'error' to 'logloss'. Explicitly set eval_metric if you'd like to restore the old behavior.\n"}
,{"stream_name":"stdout","time":1497.263823681,"data":"The result is:  INFJ\n"}
,{"stream_name":"stderr","time":1500.227573196,"data":"Traceback (most recent call last):\n"}
,{"stream_name":"stderr","time":1500.227623012,"data":"  File \"\u003cstring\u003e\", line 1, in \u003cmodule\u003e\n"}
,{"stream_name":"stderr","time":1500.227633653,"data":"  File \"/opt/conda/lib/python3.7/site-packages/papermill/execute.py\", line 118, in execute_notebook\n"}
,{"stream_name":"stderr","time":1500.22764055,"data":"    raise_for_execution_errors(nb, output_path)\n"}
,{"stream_name":"stderr","time":1500.227663728,"data":"  File \"/opt/conda/lib/python3.7/site-packages/papermill/execute.py\", line 230, in raise_for_execution_errors\n"}
,{"stream_name":"stderr","time":1500.227669889,"data":"    raise error\n"}
,{"stream_name":"stderr","time":1500.227675685,"data":"papermill.exceptions.PapermillExecutionError: \n"}
,{"stream_name":"stderr","time":1500.227680482,"data":"---------------------------------------------------------------------------\n"}
,{"stream_name":"stderr","time":1500.227686341,"data":"Exception encountered at \"In [57]\":\n"}
,{"stream_name":"stderr","time":1500.227692356,"data":"---------------------------------------------------------------------------\n"}
,{"stream_name":"stderr","time":1500.227697888,"data":"NameError                                 Traceback (most recent call last)\n"}
,{"stream_name":"stderr","time":1500.2277029,"data":"\u003cipython-input-57-1d924e046e5d\u003e in \u003cmodule\u003e\n"}
,{"stream_name":"stderr","time":1500.227708345,"data":"      4     reverse_dic[cntizer.vocabulary_[key]] = key\n"}
,{"stream_name":"stderr","time":1500.227713775,"data":"      5 top_10 = np.asarray(np.argsort(np.sum(X_cnt, axis=0))[0,-10:][0, ::-1]).flatten()\n"}
,{"stream_name":"stderr","time":1500.227718969,"data":"----\u003e 6 [reverse_dic[v] for v in top_50]\n"}
,{"stream_name":"stderr","time":1500.227723631,"data":"\n"}
,{"stream_name":"stderr","time":1500.227728658,"data":"NameError: name 'top_50' is not defined\n"}
,{"stream_name":"stderr","time":1500.227733303,"data":"\n"}
,{"stream_name":"stderr","time":1502.017202094,"data":"/opt/conda/lib/python3.7/site-packages/traitlets/traitlets.py:2561: FutureWarning: --Exporter.preprocessors=[\"remove_papermill_header.RemovePapermillHeader\"] for containers is deprecated in traitlets 5.0. You can pass `--Exporter.preprocessors item` ... multiple times to add items to a list.\n"}
,{"stream_name":"stderr","time":1502.01725144,"data":"  FutureWarning,\n"}
,{"stream_name":"stderr","time":1502.020888723,"data":"[NbConvertApp] Converting notebook __notebook__.ipynb to notebook\n"}
,{"stream_name":"stderr","time":1503.470240928,"data":"[NbConvertApp] Writing 2567692 bytes to __notebook__.ipynb\n"}
,{"stream_name":"stderr","time":1504.85832098,"data":"/opt/conda/lib/python3.7/site-packages/traitlets/traitlets.py:2561: FutureWarning: --Exporter.preprocessors=[\"nbconvert.preprocessors.ExtractOutputPreprocessor\"] for containers is deprecated in traitlets 5.0. You can pass `--Exporter.preprocessors item` ... multiple times to add items to a list.\n"}
,{"stream_name":"stderr","time":1504.858627999,"data":"  FutureWarning,\n"}
,{"stream_name":"stderr","time":1504.858636634,"data":"[NbConvertApp] Converting notebook __notebook__.ipynb to html\n"}
,{"stream_name":"stderr","time":1507.027291508,"data":"[NbConvertApp] Support files will be in __results___files/\n"}
,{"stream_name":"stderr","time":1507.027338694,"data":"[NbConvertApp] Making directory __results___files\n"}
,{"stream_name":"stderr","time":1507.027680146,"data":"[NbConvertApp] Making directory __results___files\n"}
,{"stream_name":"stderr","time":1507.027845126,"data":"[NbConvertApp] Making directory __results___files\n"}
,{"stream_name":"stderr","time":1507.0283712,"data":"[NbConvertApp] Making directory __results___files\n"}
,{"stream_name":"stderr","time":1507.028648691,"data":"[NbConvertApp] Making directory __results___files\n"}
,{"stream_name":"stderr","time":1507.028849072,"data":"[NbConvertApp] Making directory __results___files\n"}
,{"stream_name":"stderr","time":1507.029041316,"data":"[NbConvertApp] Making directory __results___files\n"}
,{"stream_name":"stderr","time":1507.029278486,"data":"[NbConvertApp] Making directory __results___files\n"}
,{"stream_name":"stderr","time":1507.029438436,"data":"[NbConvertApp] Making directory __results___files\n"}
,{"stream_name":"stderr","time":1507.029649613,"data":"[NbConvertApp] Making directory __results___files\n"}
,{"stream_name":"stderr","time":1507.029848239,"data":"[NbConvertApp] Making directory __results___files\n"}
,{"stream_name":"stderr","time":1507.030220739,"data":"[NbConvertApp] Making directory __results___files\n"}
,{"stream_name":"stderr","time":1507.030329921,"data":"[NbConvertApp] Making directory __results___files\n"}
,{"stream_name":"stderr","time":1507.030681955,"data":"[NbConvertApp] Making directory __results___files\n"}
,{"stream_name":"stderr","time":1507.030793721,"data":"[NbConvertApp] Making directory __results___files\n"}
,{"stream_name":"stderr","time":1507.03091411,"data":"[NbConvertApp] Making directory __results___files\n"}
,{"stream_name":"stderr","time":1507.031009153,"data":"[NbConvertApp] Making directory __results___files\n"}
,{"stream_name":"stderr","time":1507.03112566,"data":"[NbConvertApp] Making directory __results___files\n"}
,{"stream_name":"stderr","time":1507.031805927,"data":"[NbConvertApp] Making directory __results___files\n"}
,{"stream_name":"stderr","time":1507.032283007,"data":"[NbConvertApp] Making directory __results___files\n"}
,{"stream_name":"stderr","time":1507.032501565,"data":"[NbConvertApp] Making directory __results___files\n"}
,{"stream_name":"stderr","time":1507.032614167,"data":"[NbConvertApp] Making directory __results___files\n"}
,{"stream_name":"stderr","time":1507.032744099,"data":"[NbConvertApp] Making directory __results___files\n"}
,{"stream_name":"stderr","time":1507.03279477,"data":"[NbConvertApp] Making directory __results___files\n"}
,{"stream_name":"stderr","time":1507.032977495,"data":"[NbConvertApp] Making directory __results___files\n"}
,{"stream_name":"stderr","time":1507.03313255,"data":"[NbConvertApp] Writing 568806 bytes to __results__.html\n"}
]